<?xml version="1.0" encoding="UTF-8"?>
<!-- Generated by org.testng.reporters.JUnitXMLReporter -->
<testsuite ignored="0" hostname="LAPTOP-O92HRG1H" failures="1" tests="17" name="Surefire test" time="0.033" errors="0" timestamp="2022-02-20T22:21:20 IST">
  <testcase classname="com.jep.TestExample2" name="@BeforeSuite test1" time="-1.645375880868E9">
    <failure type="org.testng.TestNGException" message="
Parameter &amp;apos;QA1_Config&amp;apos; is required by BeforeSuite on method test1 but has not been marked @Optional or defined
">
      <![CDATA[org.testng.TestNGException: 
Parameter 'QA1_Config' is required by BeforeSuite on method test1 but has not been marked @Optional or defined

... Removed 21 stack frames]]>
    </failure>
  </testcase> <!-- @BeforeSuite test1 -->
  <testcase classname="com.jep.TestExample2" name="@BeforeTest test2" time="-1.645375880876E9">
    <skipped/>
  </testcase> <!-- @BeforeTest test2 -->
  <testcase classname="com.jep.TestExample2" name="@BeforeClass test3" time="-1.645375880899E9">
    <skipped/>
  </testcase> <!-- @BeforeClass test3 -->
  <testcase classname="com.jep.TestExample2" name="@BeforeMethod test4" time="-1.6453758809E9">
    <skipped/>
  </testcase> <!-- @BeforeMethod test4 -->
  <testcase classname="com.jep.TestExample2" name="@AfterMethod test7" time="-1.6453758809E9">
    <skipped/>
  </testcase> <!-- @AfterMethod test7 -->
  <testcase classname="com.jep.TestExample2" name="@BeforeMethod test4" time="-1.6453758809E9">
    <skipped/>
  </testcase> <!-- @BeforeMethod test4 -->
  <testcase classname="com.jep.TestExample2" name="@AfterMethod test7" time="-1.6453758809E9">
    <skipped/>
  </testcase> <!-- @AfterMethod test7 -->
  <testcase classname="com.jep.TestExample2" name="@AfterClass test8" time="-1.645375880901E9">
    <skipped/>
  </testcase> <!-- @AfterClass test8 -->
  <testcase classname="com.jep.TestExample6" name="@BeforeClass setup" time="-1.645375880909E9">
    <skipped/>
  </testcase> <!-- @BeforeClass setup -->
  <testcase classname="com.jep.TestExample2" name="@AfterTest test9" time="-1.645375880909E9">
    <skipped/>
  </testcase> <!-- @AfterTest test9 -->
  <testcase classname="com.jep.TestExample1" name="show" time="0.0">
    <skipped/>
  </testcase> <!-- show -->
  <testcase classname="com.jep.TestExample1" name="test1" time="0.0">
    <skipped/>
  </testcase> <!-- test1 -->
  <testcase classname="com.jep.TestExample1" name="test2" time="0.0">
    <skipped/>
  </testcase> <!-- test2 -->
  <testcase classname="com.jep.TestExample2" name="test5" time="0.0">
    <skipped/>
  </testcase> <!-- test5 -->
  <testcase classname="com.jep.TestExample2" name="test6" time="0.0">
    <skipped/>
  </testcase> <!-- test6 -->
  <testcase classname="com.jep.TestExample3" name="scenario" time="0.0">
    <skipped/>
  </testcase> <!-- scenario -->
  <testcase classname="com.jep.TestExample3" name="scenario" time="0.0">
    <skipped/>
  </testcase> <!-- scenario -->
  <testcase classname="com.jep.TestExample4" name="show" time="0.0">
    <skipped/>
  </testcase> <!-- show -->
  <testcase classname="com.jep.TestExample4" name="test1" time="0.0">
    <failure type="org.testng.TestNGException" message="
Parameter &amp;apos;QA1_Config&amp;apos; is required by @Test on method test1 but has not been marked @Optional or defined
">
      <![CDATA[org.testng.TestNGException: 
Parameter 'QA1_Config' is required by @Test on method test1 but has not been marked @Optional or defined

at java.base/java.util.ArrayList.forEach(ArrayList.java:1507)
... Removed 31 stack frames]]>
    </failure>
  </testcase> <!-- test1 -->
  <testcase classname="com.jep.TestExample4" name="test2" time="0.0">
    <skipped/>
  </testcase> <!-- test2 -->
  <testcase classname="com.jep.TestExample5" name="scenario1" time="0.0">
    <skipped/>
  </testcase> <!-- scenario1 -->
  <testcase classname="com.jep.TestExample5" name="scenario2" time="0.0">
    <skipped/>
  </testcase> <!-- scenario2 -->
  <testcase classname="com.jep.TestExample5" name="scenario3" time="0.0">
    <skipped/>
  </testcase> <!-- scenario3 -->
  <testcase classname="com.jep.TestExample5" name="scenario3" time="0.0">
    <skipped/>
  </testcase> <!-- scenario3 -->
  <testcase classname="com.jep.TestExample5" name="scenario3" time="0.0">
    <skipped/>
  </testcase> <!-- scenario3 -->
  <testcase classname="com.jep.TestExample5" name="scenario3" time="0.0">
    <skipped/>
  </testcase> <!-- scenario3 -->
  <testcase classname="com.jep.TestExample6" name="test1" time="0.0">
    <skipped/>
  </testcase> <!-- test1 -->
</testsuite> <!-- Surefire test -->
