<!DOCTYPE html PUBLIC "-//W3C//DTD XHTML 1.1//EN" "http://www.w3.org/TR/xhtml11/DTD/xhtml11.dtd">
<html xmlns="http://www.w3.org/1999/xhtml">
<head>
<meta http-equiv="content-type" content="text/html; charset=UTF-8"/>
<title>TestNG Report</title>
<style type="text/css">table {margin-bottom:10px;border-collapse:collapse;empty-cells:show}th,td {border:1px solid #009;padding:.25em .5em}th {vertical-align:bottom}td {vertical-align:top}table a {font-weight:bold}.stripe td {background-color: #E6EBF9}.num {text-align:right}.passedodd td {background-color: #3F3}.passedeven td {background-color: #0A0}.skippedodd td {background-color: #DDD}.skippedeven td {background-color: #CCC}.failedodd td,.attn {background-color: #F33}.failedeven td,.stripe .attn {background-color: #D00}.stacktrace {white-space:pre;font-family:monospace}.totop {font-size:85%;text-align:center;border-bottom:2px solid #000}.invisible {display:none}</style>
</head>
<body>
<table>
<tr><th>Test</th><th># Passed</th><th># Skipped</th><th># Retried</th><th># Failed</th><th>Time (ms)</th><th>Included Groups</th><th>Excluded Groups</th></tr>
<tr><th colspan="8">Surefire suite</th></tr>
<tr><td><a href="#t0">Surefire test</a></td><td class="num">0</td><td class="num attn">16</td><td class="num">0</td><td class="num attn">1</td><td class="num">33</td><td></td><td></td></tr>
</table>
<table id='summary'><thead><tr><th>Class</th><th>Method</th><th>Start</th><th>Time (ms)</th></tr></thead><tbody><tr><th colspan="4">Surefire suite</th></tr></tbody><tbody id="t0"><tr><th colspan="4">Surefire test &#8212; failed (configuration methods)</th></tr><tr class="failedeven"><td rowspan="1">com.jep.TestExample2</td><td><a href="#m0">test1</a></td><td rowspan="1">1645375880868</td><td rowspan="1">-1645375880868</td></tr><tr><th colspan="4">Surefire test &#8212; failed</th></tr><tr class="failedeven"><td rowspan="1">com.jep.TestExample4</td><td><a href="#m1">test1</a></td><td rowspan="1">1645375880907</td><td rowspan="1">0</td></tr><tr><th colspan="4">Surefire test &#8212; skipped (configuration methods)</th></tr><tr class="skippedeven"><td rowspan="9">com.jep.TestExample2</td><td><a href="#m2">test10</a></td><td rowspan="1">1645375880951</td><td rowspan="1">-1645375880951</td></tr><tr class="skippedeven"><td><a href="#m3">test2</a></td><td rowspan="1">1645375880876</td><td rowspan="1">-1645375880876</td></tr><tr class="skippedeven"><td><a href="#m4">test3</a></td><td rowspan="1">1645375880899</td><td rowspan="1">-1645375880899</td></tr><tr class="skippedeven"><td><a href="#m5">test4</a></td><td rowspan="2">1645375880900</td><td rowspan="2">-1645375880900</td></tr><tr class="skippedeven"><td><a href="#m6">test4</a></td></tr><tr class="skippedeven"><td><a href="#m7">test7</a></td><td rowspan="2">1645375880900</td><td rowspan="2">-1645375880900</td></tr><tr class="skippedeven"><td><a href="#m8">test7</a></td></tr><tr class="skippedeven"><td><a href="#m9">test8</a></td><td rowspan="1">1645375880901</td><td rowspan="1">-1645375880901</td></tr><tr class="skippedeven"><td><a href="#m10">test9</a></td><td rowspan="1">1645375880909</td><td rowspan="1">-1645375880909</td></tr><tr class="skippedodd"><td rowspan="1">com.jep.TestExample6</td><td><a href="#m11">setup</a></td><td rowspan="1">1645375880909</td><td rowspan="1">-1645375880909</td></tr><tr><th colspan="4">Surefire test &#8212; skipped</th></tr><tr class="skippedeven"><td rowspan="3">com.jep.TestExample1</td><td><a href="#m12">show</a></td><td rowspan="1">1645375880896</td><td rowspan="1">0</td></tr><tr class="skippedeven"><td><a href="#m13">test1</a></td><td rowspan="1">1645375880898</td><td rowspan="1">0</td></tr><tr class="skippedeven"><td><a href="#m14">test2</a></td><td rowspan="1">1645375880898</td><td rowspan="1">0</td></tr><tr class="skippedodd"><td rowspan="2">com.jep.TestExample2</td><td><a href="#m15">test5</a></td><td rowspan="1">1645375880900</td><td rowspan="1">0</td></tr><tr class="skippedodd"><td><a href="#m16">test6</a></td><td rowspan="1">1645375880900</td><td rowspan="1">0</td></tr><tr class="skippedeven"><td rowspan="2">com.jep.TestExample3</td><td><a href="#m17">scenario</a></td><td rowspan="2">1645375880904</td><td rowspan="2">0</td></tr><tr class="skippedeven"><td><a href="#m18">scenario</a></td></tr><tr class="skippedodd"><td rowspan="2">com.jep.TestExample4</td><td><a href="#m19">show</a></td><td rowspan="1">1645375880905</td><td rowspan="1">0</td></tr><tr class="skippedodd"><td><a href="#m20">test2</a></td><td rowspan="1">1645375880907</td><td rowspan="1">0</td></tr><tr class="skippedeven"><td rowspan="6">com.jep.TestExample5</td><td><a href="#m21">scenario1</a></td><td rowspan="1">1645375880907</td><td rowspan="1">0</td></tr><tr class="skippedeven"><td><a href="#m22">scenario2</a></td><td rowspan="1">1645375880907</td><td rowspan="1">0</td></tr><tr class="skippedeven"><td><a href="#m23">scenario3</a></td><td rowspan="4">1645375880908</td><td rowspan="4">0</td></tr><tr class="skippedeven"><td><a href="#m24">scenario3</a></td></tr><tr class="skippedeven"><td><a href="#m25">scenario3</a></td></tr><tr class="skippedeven"><td><a href="#m26">scenario3</a></td></tr><tr class="skippedodd"><td rowspan="1">com.jep.TestExample6</td><td><a href="#m27">test1</a></td><td rowspan="1">1645375880909</td><td rowspan="1">0</td></tr></tbody>
</table>
<h2>Surefire test</h2><h3 id="m0">com.jep.TestExample2#test1</h3><table class="result"><tr><th>Exception</th></tr><tr><td><div class="stacktrace">org.testng.TestNGException: 
Parameter &apos;QA1_Config&apos; is required by BeforeSuite on method test1 but has not been marked @Optional or defined

... Removed 21 stack frames</div></td></tr></table><p class="totop"><a href="#summary">back to summary</a></p>
<h3 id="m1">com.jep.TestExample4#test1</h3><table class="result"><tr><th>Exception</th></tr><tr><td><div class="stacktrace">org.testng.TestNGException: 
Parameter &apos;QA1_Config&apos; is required by @Test on method test1 but has not been marked @Optional or defined

	at java.base/java.util.ArrayList.forEach(ArrayList.java:1507)
... Removed 31 stack frames</div></td></tr></table><p class="totop"><a href="#summary">back to summary</a></p>
<h3 id="m2">com.jep.TestExample2#test10</h3><table class="result"><tr><th class="invisible"/></tr></table><p class="totop"><a href="#summary">back to summary</a></p>
<h3 id="m3">com.jep.TestExample2#test2</h3><table class="result"><tr><th class="invisible"/></tr></table><p class="totop"><a href="#summary">back to summary</a></p>
<h3 id="m4">com.jep.TestExample2#test3</h3><table class="result"><tr><th class="invisible"/></tr></table><p class="totop"><a href="#summary">back to summary</a></p>
<h3 id="m5">com.jep.TestExample2#test4</h3><table class="result"><tr><th class="invisible"/></tr></table><p class="totop"><a href="#summary">back to summary</a></p>
<h3 id="m6">com.jep.TestExample2#test4</h3><table class="result"><tr><th class="invisible"/></tr></table><p class="totop"><a href="#summary">back to summary</a></p>
<h3 id="m7">com.jep.TestExample2#test7</h3><table class="result"><tr><th class="invisible"/></tr></table><p class="totop"><a href="#summary">back to summary</a></p>
<h3 id="m8">com.jep.TestExample2#test7</h3><table class="result"><tr><th class="invisible"/></tr></table><p class="totop"><a href="#summary">back to summary</a></p>
<h3 id="m9">com.jep.TestExample2#test8</h3><table class="result"><tr><th class="invisible"/></tr></table><p class="totop"><a href="#summary">back to summary</a></p>
<h3 id="m10">com.jep.TestExample2#test9</h3><table class="result"><tr><th class="invisible"/></tr></table><p class="totop"><a href="#summary">back to summary</a></p>
<h3 id="m11">com.jep.TestExample6#setup</h3><table class="result"><tr><th class="invisible"/></tr></table><p class="totop"><a href="#summary">back to summary</a></p>
<h3 id="m12">com.jep.TestExample1#show</h3><table class="result"><tr><th>Exception</th></tr><tr><td><div class="stacktrace">org.testng.TestNGException: 
Parameter &apos;QA1_Config&apos; is required by BeforeSuite on method test1 but has not been marked @Optional or defined

... Removed 21 stack frames</div></td></tr></table><p class="totop"><a href="#summary">back to summary</a></p>
<h3 id="m13">com.jep.TestExample1#test1</h3><table class="result"><tr><th>Exception</th></tr><tr><td><div class="stacktrace">org.testng.TestNGException: 
Parameter &apos;QA1_Config&apos; is required by BeforeSuite on method test1 but has not been marked @Optional or defined

... Removed 21 stack frames</div></td></tr></table><p class="totop"><a href="#summary">back to summary</a></p>
<h3 id="m14">com.jep.TestExample1#test2</h3><table class="result"><tr><th>Exception</th></tr><tr><td><div class="stacktrace">org.testng.TestNGException: 
Parameter &apos;QA1_Config&apos; is required by BeforeSuite on method test1 but has not been marked @Optional or defined

... Removed 21 stack frames</div></td></tr></table><p class="totop"><a href="#summary">back to summary</a></p>
<h3 id="m15">com.jep.TestExample2#test5</h3><table class="result"><tr><th>Exception</th></tr><tr><td><div class="stacktrace">org.testng.TestNGException: 
Parameter &apos;QA1_Config&apos; is required by BeforeSuite on method test1 but has not been marked @Optional or defined

... Removed 21 stack frames</div></td></tr></table><p class="totop"><a href="#summary">back to summary</a></p>
<h3 id="m16">com.jep.TestExample2#test6</h3><table class="result"><tr><th>Exception</th></tr><tr><td><div class="stacktrace">org.testng.TestNGException: 
Parameter &apos;QA1_Config&apos; is required by BeforeSuite on method test1 but has not been marked @Optional or defined

... Removed 21 stack frames</div></td></tr></table><p class="totop"><a href="#summary">back to summary</a></p>
<h3 id="m17">com.jep.TestExample3#scenario</h3><table class="result"><tr><th>Exception</th></tr><tr><td><div class="stacktrace">org.testng.TestNGException: 
Parameter &apos;QA1_Config&apos; is required by BeforeSuite on method test1 but has not been marked @Optional or defined

... Removed 21 stack frames</div></td></tr></table><p class="totop"><a href="#summary">back to summary</a></p>
<h3 id="m18">com.jep.TestExample3#scenario</h3><table class="result"><tr><th>Exception</th></tr><tr><td><div class="stacktrace">org.testng.TestNGException: 
Parameter &apos;QA1_Config&apos; is required by BeforeSuite on method test1 but has not been marked @Optional or defined

... Removed 21 stack frames</div></td></tr></table><p class="totop"><a href="#summary">back to summary</a></p>
<h3 id="m19">com.jep.TestExample4#show</h3><table class="result"><tr><th>Exception</th></tr><tr><td><div class="stacktrace">org.testng.TestNGException: 
Parameter &apos;QA1_Config&apos; is required by BeforeSuite on method test1 but has not been marked @Optional or defined

... Removed 21 stack frames</div></td></tr></table><p class="totop"><a href="#summary">back to summary</a></p>
<h3 id="m20">com.jep.TestExample4#test2</h3><table class="result"><tr><th>Exception</th></tr><tr><td><div class="stacktrace">org.testng.TestNGException: 
Parameter &apos;QA1_Config&apos; is required by BeforeSuite on method test1 but has not been marked @Optional or defined

... Removed 21 stack frames</div></td></tr></table><p class="totop"><a href="#summary">back to summary</a></p>
<h3 id="m21">com.jep.TestExample5#scenario1</h3><table class="result"><tr><th>Exception</th></tr><tr><td><div class="stacktrace">org.testng.TestNGException: 
Parameter &apos;QA1_Config&apos; is required by BeforeSuite on method test1 but has not been marked @Optional or defined

... Removed 21 stack frames</div></td></tr></table><p class="totop"><a href="#summary">back to summary</a></p>
<h3 id="m22">com.jep.TestExample5#scenario2</h3><table class="result"><tr><th>Exception</th></tr><tr><td><div class="stacktrace">org.testng.TestNGException: 
Parameter &apos;QA1_Config&apos; is required by BeforeSuite on method test1 but has not been marked @Optional or defined

... Removed 21 stack frames</div></td></tr></table><p class="totop"><a href="#summary">back to summary</a></p>
<h3 id="m23">com.jep.TestExample5#scenario3</h3><table class="result"><tr><th>Exception</th></tr><tr><td><div class="stacktrace">org.testng.TestNGException: 
Parameter &apos;QA1_Config&apos; is required by BeforeSuite on method test1 but has not been marked @Optional or defined

... Removed 21 stack frames</div></td></tr></table><p class="totop"><a href="#summary">back to summary</a></p>
<h3 id="m24">com.jep.TestExample5#scenario3</h3><table class="result"><tr><th>Exception</th></tr><tr><td><div class="stacktrace">org.testng.TestNGException: 
Parameter &apos;QA1_Config&apos; is required by BeforeSuite on method test1 but has not been marked @Optional or defined

... Removed 21 stack frames</div></td></tr></table><p class="totop"><a href="#summary">back to summary</a></p>
<h3 id="m25">com.jep.TestExample5#scenario3</h3><table class="result"><tr><th>Exception</th></tr><tr><td><div class="stacktrace">org.testng.TestNGException: 
Parameter &apos;QA1_Config&apos; is required by BeforeSuite on method test1 but has not been marked @Optional or defined

... Removed 21 stack frames</div></td></tr></table><p class="totop"><a href="#summary">back to summary</a></p>
<h3 id="m26">com.jep.TestExample5#scenario3</h3><table class="result"><tr><th>Exception</th></tr><tr><td><div class="stacktrace">org.testng.TestNGException: 
Parameter &apos;QA1_Config&apos; is required by BeforeSuite on method test1 but has not been marked @Optional or defined

... Removed 21 stack frames</div></td></tr></table><p class="totop"><a href="#summary">back to summary</a></p>
<h3 id="m27">com.jep.TestExample6#test1</h3><table class="result"><tr><th>Exception</th></tr><tr><td><div class="stacktrace">org.testng.TestNGException: 
Parameter &apos;QA1_Config&apos; is required by BeforeSuite on method test1 but has not been marked @Optional or defined

... Removed 21 stack frames</div></td></tr></table><p class="totop"><a href="#summary">back to summary</a></p>
</body>
</html>
